============================================================
  Generated by:           Genus(TM) Synthesis Solution 21.15-s080_1
  Generated on:           May 10 2025  11:16:08 am
  Module:                 IZH_CORE
  Operating conditions:   NCCOM (balanced_tree)
  Wireload mode:          segmented
  Area mode:              timing library
============================================================

Timing
--------

  Clock   Period 
-----------------
my_clock 10000.0 


  Cost     Critical         Violating 
  Group   Path Slack  TNS     Paths   
--------------------------------------
default     No paths   0.0            
my_clock      5156.4   0.0          0 
--------------------------------------
Total                  0.0          0 

Instance Count
--------------
Leaf Instance Count             742 
Physical Instance count           0 
Sequential Instance Count       164 
Combinational Instance Count    578 
Hierarchical Instance Count       0 

Area
----
Cell Area                          3407.400
Physical Cell Area                 0.000
Total Cell Area (Cell+Physical)    3407.400
Net Area                           0.000
Total Area (Cell+Physical+Net)     3407.400

Max Fanout                         164 (i_clk)
Min Fanout                         1 (i[8])
Average Fanout                     2.6
Terms to net ratio                 3.5368
Terms to instance ratio            3.9515
Runtime                            92.693232 seconds
Elapsed Runtime                    293 seconds
Genus peak memory usage            3828.21 
Innovus peak memory usage          no_value 
Hostname                           Mentor.IHA.dk
