============================================================
  Generated by:           Genus(TM) Synthesis Solution 21.15-s080_1
  Generated on:           May 10 2025  11:15:55 am
  Module:                 IZH_CORE
  Operating conditions:   NCCOM (balanced_tree)
  Wireload mode:          segmented
  Area mode:              timing library
============================================================


Path 1: MET (5156 ps) Late External Delay Assertion at pin o_voltage[0]
          Group: my_clock
     Startpoint: (F) i_rst
          Clock: (R) my_clock
       Endpoint: (R) o_voltage[0]
          Clock: (R) my_clock

                     Capture       Launch     
        Clock Edge:+   10000            0     
        Drv Adjust:+       0            1     
       Src Latency:+       0            0     
       Net Latency:+       0 (I)        0 (I) 
           Arrival:=   10000            1     
                                              
      Output Delay:-    2000                  
       Uncertainty:-     300                  
     Required Time:=    7700                  
      Launch Clock:-       1                  
       Input Delay:-    2000                  
         Data Path:-     542                  
             Slack:=    5156                  

Exceptions/Constraints:
  input_delay              2000            in_del_2_1  
  output_delay             2000            ou_del_56_1 

#--------------------------------------------------------------------------------------------
#   Timing Point    Flags   Arc   Edge   Cell     Fanout  Load  Trans Delay Arrival Instance 
#                                                         (fF)   (ps)  (ps)   (ps)  Location 
#--------------------------------------------------------------------------------------------
  i_rst             -       -     F     (arrival)      4    5.7    17     0    2001    (-,-) 
  g3751/ZN          -       I->ZN R     INVD1         23   25.3   212   125    2126    (-,-) 
  g3742__6161/Z     -       A1->Z R     AN2XD1         1    2.1    34    84    2210    (-,-) 
  drc_buf_sp6833/ZN -       I->ZN F     INVD2          1   14.8    48    41    2250    (-,-) 
  drc_buf_sp6832/ZN -       I->ZN R     INVD16         1 1000.0   497   293    2544    (-,-) 
  o_voltage[0]      <<<     -     R     (port)         -      -     -     0    2544    (-,-) 
#--------------------------------------------------------------------------------------------

